# JRE version: Java(TM) SE Runtime Environment (12.0.1+12) (build 12.0.1+12)
# Java VM: Java HotSpot(TM) 64-Bit Server VM (12.0.1+12, mixed mode, sharing, tiered, compressed oops, g1 gc, windows-amd64)
Heap:
 garbage-first heap   total 64512K, used 34130K [0x0000000082000000, 0x0000000100000000)
  region size 1024K, 10 young (10240K), 1 survivors (1024K)
 Metaspace       used 31251K, capacity 32433K, committed 32560K, reserved 1077248K
  class space    used 3667K, capacity 4115K, committed 4224K, reserved 1048576K
GC Heap History (10 events):
Event: 256.074 GC heap before
{Heap before GC invocations=1043 (full 0):
 garbage-first heap   total 64512K, used 54611K [0x0000000082000000, 0x0000000100000000)
  region size 1024K, 29 young (29696K), 1 survivors (1024K)
 Metaspace       used 31233K, capacity 32369K, committed 32560K, reserved 1077248K
  class space    used 3665K, capacity 4115K, committed 4224K, reserved 1048576K
}
Event: 256.075 GC heap after
{Heap after GC invocations=1044 (full 0):
 garbage-first heap   total 64512K, used 25934K [0x0000000082000000, 0x0000000100000000)
  region size 1024K, 1 young (1024K), 1 survivors (1024K)
 Metaspace       used 31233K, capacity 32369K, committed 32560K, reserved 1077248K
  class space    used 3665K, capacity 4115K, committed 4224K, reserved 1048576K
}
Event: 256.385 GC heap before
{Heap before GC invocations=1044 (full 0):
 garbage-first heap   total 64512K, used 54606K [0x0000000082000000, 0x0000000100000000)
  region size 1024K, 29 young (29696K), 1 survivors (1024K)
 Metaspace       used 31233K, capacity 32369K, committed 32560K, reserved 1077248K
  class space    used 3665K, capacity 4115K, committed 4224K, reserved 1048576K
}
Event: 256.385 GC heap after
{Heap after GC invocations=1045 (full 0):
 garbage-first heap   total 64512K, used 25927K [0x0000000082000000, 0x0000000100000000)
  region size 1024K, 1 young (1024K), 1 survivors (1024K)
 Metaspace       used 31233K, capacity 32369K, committed 32560K, reserved 1077248K
  class space    used 3665K, capacity 4115K, committed 4224K, reserved 1048576K
}
Event: 256.642 GC heap before
{Heap before GC invocations=1045 (full 0):
 garbage-first heap   total 64512K, used 54599K [0x0000000082000000, 0x0000000100000000)
  region size 1024K, 29 young (29696K), 1 survivors (1024K)
 Metaspace       used 31233K, capacity 32369K, committed 32560K, reserved 1077248K
  class space    used 3665K, capacity 4115K, committed 4224K, reserved 1048576K
}
Event: 256.642 GC heap after
{Heap after GC invocations=1046 (full 0):
 garbage-first heap   total 64512K, used 25917K [0x0000000082000000, 0x0000000100000000)
  region size 1024K, 1 young (1024K), 1 survivors (1024K)
 Metaspace       used 31233K, capacity 32369K, committed 32560K, reserved 1077248K
  class space    used 3665K, capacity 4115K, committed 4224K, reserved 1048576K
}
Event: 256.935 GC heap before
{Heap before GC invocations=1046 (full 0):
 garbage-first heap   total 64512K, used 54589K [0x0000000082000000, 0x0000000100000000)
  region size 1024K, 29 young (29696K), 1 survivors (1024K)
 Metaspace       used 31233K, capacity 32369K, committed 32560K, reserved 1077248K
  class space    used 3665K, capacity 4115K, committed 4224K, reserved 1048576K
}
Event: 256.936 GC heap after
{Heap after GC invocations=1047 (full 0):
 garbage-first heap   total 64512K, used 25937K [0x0000000082000000, 0x0000000100000000)
  region size 1024K, 1 young (1024K), 1 survivors (1024K)
 Metaspace       used 31233K, capacity 32369K, committed 32560K, reserved 1077248K
  class space    used 3665K, capacity 4115K, committed 4224K, reserved 1048576K
}
Event: 257.757 GC heap before
{Heap before GC invocations=1047 (full 0):
 garbage-first heap   total 64512K, used 54609K [0x0000000082000000, 0x0000000100000000)
  region size 1024K, 29 young (29696K), 1 survivors (1024K)
 Metaspace       used 31251K, capacity 32433K, committed 32560K, reserved 1077248K
  class space    used 3667K, capacity 4115K, committed 4224K, reserved 1048576K
}
Event: 257.758 GC heap after
{Heap after GC invocations=1048 (full 0):
 garbage-first heap   total 64512K, used 25938K [0x0000000082000000, 0x0000000100000000)
  region size 1024K, 1 young (1024K), 1 survivors (1024K)
 Metaspace       used 31251K, capacity 32433K, committed 32560K, reserved 1077248K
  class space    used 3667K, capacity 4115K, committed 4224K, reserved 1048576K
}

